{"contracts/CoinToss.sol":{"l":{"31":1,"36":1,"38":1,"39":1,"41":1,"46":0,"48":0,"53":1,"58":2,"59":2,"60":2,"62":2,"67":0,"69":0,"70":0,"71":0,"73":0,"74":0,"76":0,"78":0,"79":0,"80":0,"83":0,"84":0,"89":1,"94":1,"99":0,"100":0},"path":"/Users/garethoates/Developer/Blockchain/EdgeFund/edgefund-core/contracts/CoinToss.sol","s":{"1":1,"2":1,"3":1,"4":1,"5":0,"6":0,"7":1,"8":2,"9":2,"10":2,"11":2,"12":0,"13":0,"14":0,"15":0,"16":0,"17":0,"18":0,"19":0,"20":0,"21":0,"22":1,"23":1,"24":0,"25":0},"b":{"1":[1,0],"2":[0,0],"3":[0,0],"4":[0,0],"5":[0,0],"6":[0,0]},"f":{"1":1,"2":1,"3":0,"4":1,"5":2,"6":0,"7":1,"8":1,"9":0},"fnMap":{"1":{"name":null,"line":29,"loc":{"start":{"line":29,"column":4},"end":{"line":30,"column":5}}},"2":{"name":"placeBet","line":34,"loc":{"start":{"line":34,"column":4},"end":{"line":35,"column":5}}},"3":{"name":"getBetById","line":44,"loc":{"start":{"line":44,"column":4},"end":{"line":45,"column":5}}},"4":{"name":"getResultForBet","line":51,"loc":{"start":{"line":51,"column":4},"end":{"line":52,"column":5}}},"5":{"name":"getRandomForBet","line":56,"loc":{"start":{"line":56,"column":4},"end":{"line":57,"column":5}}},"6":{"name":"resolveBet","line":65,"loc":{"start":{"line":65,"column":4},"end":{"line":66,"column":5}}},"7":{"name":"fund","line":87,"loc":{"start":{"line":87,"column":4},"end":{"line":88,"column":5}}},"8":{"name":null,"line":92,"loc":{"start":{"line":92,"column":4},"end":{"line":93,"column":5}}},"9":{"name":"kill","line":97,"loc":{"start":{"line":97,"column":4},"end":{"line":98,"column":5}}}},"statementMap":{"1":{"start":{"line":31,"column":8},"end":{"line":31,"column":25}},"2":{"start":{"line":36,"column":8},"end":{"line":36,"column":45}},"3":{"start":{"line":39,"column":8},"end":{"line":39,"column":86}},"4":{"start":{"line":41,"column":8},"end":{"line":41,"column":66}},"5":{"start":{"line":46,"column":8},"end":{"line":46,"column":44}},"6":{"start":{"line":48,"column":8},"end":{"line":48,"column":65}},"7":{"start":{"line":53,"column":8},"end":{"line":53,"column":46}},"8":{"start":{"line":58,"column":8},"end":{"line":58,"column":44}},"9":{"start":{"line":59,"column":8},"end":{"line":59,"column":85}},"10":{"start":{"line":60,"column":8},"end":{"line":60,"column":46}},"11":{"start":{"line":62,"column":8},"end":{"line":62,"column":30}},"12":{"start":{"line":67,"column":8},"end":{"line":67,"column":44}},"13":{"start":{"line":69,"column":8},"end":{"line":69,"column":39}},"14":{"start":{"line":70,"column":8},"end":{"line":70,"column":42}},"15":{"start":{"line":71,"column":8},"end":{"line":71,"column":48}},"16":{"start":{"line":73,"column":8},"end":{"line":73,"column":85}},"17":{"start":{"line":74,"column":8},"end":{"line":74,"column":46}},"18":{"start":{"line":76,"column":8},"end":{"line":76,"column":42}},"19":{"start":{"line":78,"column":8},"end":{"line":78,"column":2166}},"20":{"start":{"line":79,"column":12},"end":{"line":79,"column":40}},"21":{"start":{"line":83,"column":8},"end":{"line":83,"column":39}},"22":{"start":{"line":89,"column":8},"end":{"line":89,"column":28}},"23":{"start":{"line":94,"column":8},"end":{"line":94,"column":28}},"24":{"start":{"line":99,"column":8},"end":{"line":99,"column":36}},"25":{"start":{"line":100,"column":8},"end":{"line":100,"column":26}}},"branchMap":{"1":{"line":36,"type":"if","locations":[{"start":{"line":36,"column":8},"end":{"line":36,"column":8}},{"start":{"line":36,"column":8},"end":{"line":36,"column":8}}]},"2":{"line":69,"type":"if","locations":[{"start":{"line":69,"column":8},"end":{"line":69,"column":8}},{"start":{"line":69,"column":8},"end":{"line":69,"column":8}}]},"3":{"line":70,"type":"if","locations":[{"start":{"line":70,"column":8},"end":{"line":70,"column":8}},{"start":{"line":70,"column":8},"end":{"line":70,"column":8}}]},"4":{"line":71,"type":"if","locations":[{"start":{"line":71,"column":8},"end":{"line":71,"column":8}},{"start":{"line":71,"column":8},"end":{"line":71,"column":8}}]},"5":{"line":78,"type":"if","locations":[{"start":{"line":78,"column":8},"end":{"line":78,"column":8}},{"start":{"line":78,"column":8},"end":{"line":78,"column":8}}]},"6":{"line":99,"type":"if","locations":[{"start":{"line":99,"column":8},"end":{"line":99,"column":8}},{"start":{"line":99,"column":8},"end":{"line":99,"column":8}}]}}},"contracts/EdgeFund.sol":{"l":{"39":0,"40":0,"41":0,"52":0,"57":0,"59":0,"60":0,"70":0,"72":0,"73":0,"76":0,"78":0,"81":0,"90":1,"102":1,"103":1,"105":1,"119":1,"130":0,"135":0,"136":0,"137":0,"142":0,"143":0,"145":0,"146":0,"148":0,"149":0,"152":0,"160":0},"path":"/Users/garethoates/Developer/Blockchain/EdgeFund/edgefund-core/contracts/EdgeFund.sol","s":{"1":0,"2":0,"3":0,"4":0,"5":0,"6":0,"7":0,"8":0,"9":0,"10":0,"11":0,"12":0,"13":1,"14":1,"15":1,"16":1,"17":1,"18":0,"19":0,"20":0,"21":0,"22":0,"23":0,"24":0,"25":0,"26":0,"27":0,"28":0,"29":0},"b":{"1":[0,0],"2":[0,0],"3":[0,0],"4":[0,0]},"f":{"1":0,"2":0,"3":1,"4":0,"5":1,"6":1,"7":0,"8":0,"9":0,"10":0},"fnMap":{"1":{"name":"PlaceBetWithWinOdds","line":30,"loc":{"start":{"line":30,"column":4},"end":{"line":36,"column":5}}},"2":{"name":"ResolveBets","line":55,"loc":{"start":{"line":55,"column":4},"end":{"line":56,"column":5}}},"3":{"name":null,"line":84,"loc":{"start":{"line":84,"column":4},"end":{"line":85,"column":5}}},"4":{"name":null,"line":98,"loc":{"start":{"line":98,"column":4},"end":{"line":98,"column":18}}},"5":{"name":"Temp","line":101,"loc":{"start":{"line":101,"column":4},"end":{"line":101,"column":42}}},"6":{"name":"getBankrollBalance","line":117,"loc":{"start":{"line":117,"column":4},"end":{"line":118,"column":5}}},"7":{"name":"CalculateEdge","line":122,"loc":{"start":{"line":122,"column":4},"end":{"line":129,"column":5}}},"8":{"name":"PlaceBet","line":134,"loc":{"start":{"line":134,"column":4},"end":{"line":134,"column":39}}},"9":{"name":"ResolveBet","line":141,"loc":{"start":{"line":141,"column":4},"end":{"line":141,"column":51}}},"10":{"name":"ForceNewBlock","line":159,"loc":{"start":{"line":159,"column":4},"end":{"line":159,"column":41}}}},"statementMap":{"1":{"start":{"line":39,"column":8},"end":{"line":39,"column":58}},"2":{"start":{"line":40,"column":8},"end":{"line":40,"column":41}},"3":{"start":{"line":52,"column":8},"end":{"line":52,"column":20}},"4":{"start":{"line":57,"column":8},"end":{"line":57,"column":58}},"5":{"start":{"line":59,"column":8},"end":{"line":59,"column":1197}},"6":{"start":{"line":60,"column":12},"end":{"line":60,"column":1261}},"7":{"start":{"line":70,"column":16},"end":{"line":70,"column":72}},"8":{"start":{"line":72,"column":16},"end":{"line":72,"column":93}},"9":{"start":{"line":73,"column":16},"end":{"line":73,"column":1872}},"10":{"start":{"line":76,"column":16},"end":{"line":76,"column":82}},"11":{"start":{"line":78,"column":16},"end":{"line":78,"column":41}},"12":{"start":{"line":81,"column":8},"end":{"line":81,"column":20}},"13":{"start":{"line":90,"column":8},"end":{"line":90,"column":39}},"14":{"start":{"line":102,"column":8},"end":{"line":102,"column":38}},"15":{"start":{"line":103,"column":8},"end":{"line":103,"column":40}},"16":{"start":{"line":105,"column":8},"end":{"line":105,"column":2843}},"17":{"start":{"line":119,"column":8},"end":{"line":119,"column":23}},"18":{"start":{"line":130,"column":8},"end":{"line":130,"column":50}},"19":{"start":{"line":135,"column":8},"end":{"line":135,"column":31}},"20":{"start":{"line":136,"column":8},"end":{"line":136,"column":25}},"21":{"start":{"line":137,"column":8},"end":{"line":137,"column":31}},"22":{"start":{"line":142,"column":8},"end":{"line":142,"column":49}},"23":{"start":{"line":143,"column":8},"end":{"line":143,"column":30}},"24":{"start":{"line":145,"column":8},"end":{"line":145,"column":80}},"25":{"start":{"line":146,"column":8},"end":{"line":146,"column":60}},"26":{"start":{"line":148,"column":8},"end":{"line":148,"column":4036}},"27":{"start":{"line":149,"column":12},"end":{"line":149,"column":29}},"28":{"start":{"line":152,"column":12},"end":{"line":152,"column":29}},"29":{"start":{"line":160,"column":8},"end":{"line":160,"column":19}}},"branchMap":{"1":{"line":60,"type":"if","locations":[{"start":{"line":60,"column":12},"end":{"line":60,"column":12}},{"start":{"line":60,"column":12},"end":{"line":60,"column":12}}]},"2":{"line":70,"type":"if","locations":[{"start":{"line":70,"column":16},"end":{"line":70,"column":16}},{"start":{"line":70,"column":16},"end":{"line":70,"column":16}}]},"3":{"line":143,"type":"if","locations":[{"start":{"line":143,"column":8},"end":{"line":143,"column":8}},{"start":{"line":143,"column":8},"end":{"line":143,"column":8}}]},"4":{"line":148,"type":"if","locations":[{"start":{"line":148,"column":8},"end":{"line":148,"column":8}},{"start":{"line":148,"column":8},"end":{"line":148,"column":8}}]}}},"contracts/EdgeFundBettingFunctions.sol":{"l":{"16":10,"17":10,"18":10,"19":10,"20":10,"25":3,"30":1,"35":1,"40":7,"45":1,"50":1,"55":1,"57":1,"62":2,"73":1,"78":1,"83":2,"88":1,"90":1,"95":5,"100":3,"102":3,"107":2,"114":2,"119":1,"120":1,"122":1,"127":1,"128":1,"130":1,"135":3,"136":3,"138":3,"143":1,"145":1,"150":3,"155":1,"160":2,"161":2,"163":2,"168":0,"169":0,"171":0},"path":"/Users/garethoates/Developer/Blockchain/EdgeFund/edgefund-core/contracts/EdgeFundBettingFunctions.sol","s":{"1":10,"2":10,"3":10,"4":10,"5":10,"6":3,"7":1,"8":1,"9":7,"10":1,"11":1,"12":1,"13":1,"14":2,"15":1,"16":1,"17":2,"18":1,"19":1,"20":5,"21":3,"22":3,"23":2,"24":2,"25":1,"26":1,"27":1,"28":1,"29":1,"30":1,"31":3,"32":3,"33":3,"34":1,"35":1,"36":3,"37":1,"38":2,"39":2,"40":2,"41":0,"42":0,"43":0},"b":{},"f":{"1":10,"2":3,"3":1,"4":1,"5":7,"6":1,"7":1,"8":1,"9":2,"10":1,"11":1,"12":2,"13":1,"14":5,"15":3,"16":2,"17":2,"18":1,"19":1,"20":3,"21":1,"22":3,"23":1,"24":2,"25":0},"fnMap":{"1":{"name":null,"line":13,"loc":{"start":{"line":13,"column":4},"end":{"line":14,"column":5}}},"2":{"name":"getMultiplier","line":23,"loc":{"start":{"line":23,"column":4},"end":{"line":24,"column":5}}},"3":{"name":"getBankRoll","line":28,"loc":{"start":{"line":28,"column":4},"end":{"line":29,"column":5}}},"4":{"name":"getCasinoDecimalPayoutOdds","line":33,"loc":{"start":{"line":33,"column":4},"end":{"line":34,"column":5}}},"5":{"name":"getCasinoLiability","line":38,"loc":{"start":{"line":38,"column":4},"end":{"line":39,"column":5}}},"6":{"name":"getFStar","line":43,"loc":{"start":{"line":43,"column":4},"end":{"line":44,"column":5}}},"7":{"name":"getKellyEdge","line":48,"loc":{"start":{"line":48,"column":4},"end":{"line":49,"column":5}}},"8":{"name":"getProbabilityKellyUser","line":53,"loc":{"start":{"line":53,"column":4},"end":{"line":54,"column":5}}},"9":{"name":"getProbabilityKellyCasino","line":60,"loc":{"start":{"line":60,"column":4},"end":{"line":61,"column":5}}},"10":{"name":"getProbabilityWinUser","line":71,"loc":{"start":{"line":71,"column":4},"end":{"line":72,"column":5}}},"11":{"name":"getProbabilityWinCasino","line":76,"loc":{"start":{"line":76,"column":4},"end":{"line":77,"column":5}}},"12":{"name":"getProbabilityFairUser","line":81,"loc":{"start":{"line":81,"column":4},"end":{"line":82,"column":5}}},"13":{"name":"getProbabilityFairCasino","line":86,"loc":{"start":{"line":86,"column":4},"end":{"line":87,"column":5}}},"14":{"name":"getEdgeKellyCasino","line":93,"loc":{"start":{"line":93,"column":4},"end":{"line":94,"column":5}}},"15":{"name":"getEdgeKellyUser","line":98,"loc":{"start":{"line":98,"column":4},"end":{"line":99,"column":5}}},"16":{"name":"getEdgeTotalCasino","line":105,"loc":{"start":{"line":105,"column":4},"end":{"line":106,"column":5}}},"17":{"name":"getEdgeTotalUser","line":112,"loc":{"start":{"line":112,"column":4},"end":{"line":113,"column":5}}},"18":{"name":"getEdgeGameOperatorCasino","line":117,"loc":{"start":{"line":117,"column":4},"end":{"line":118,"column":5}}},"19":{"name":"getEdgeGameOperatorUser","line":125,"loc":{"start":{"line":125,"column":4},"end":{"line":126,"column":5}}},"20":{"name":"getEVKellyCasino","line":133,"loc":{"start":{"line":133,"column":4},"end":{"line":134,"column":5}}},"21":{"name":"getEVKellyUser","line":141,"loc":{"start":{"line":141,"column":4},"end":{"line":142,"column":5}}},"22":{"name":"getEVTotalCasino","line":148,"loc":{"start":{"line":148,"column":4},"end":{"line":149,"column":5}}},"23":{"name":"getEVTotalUser","line":153,"loc":{"start":{"line":153,"column":4},"end":{"line":154,"column":5}}},"24":{"name":"getEVGameOperatorCasino","line":158,"loc":{"start":{"line":158,"column":4},"end":{"line":159,"column":5}}},"25":{"name":"getEVGameOperatorUser","line":166,"loc":{"start":{"line":166,"column":4},"end":{"line":167,"column":5}}}},"statementMap":{"1":{"start":{"line":16,"column":8},"end":{"line":16,"column":39}},"2":{"start":{"line":17,"column":8},"end":{"line":17,"column":44}},"3":{"start":{"line":18,"column":8},"end":{"line":18,"column":41}},"4":{"start":{"line":19,"column":8},"end":{"line":19,"column":41}},"5":{"start":{"line":20,"column":8},"end":{"line":20,"column":27}},"6":{"start":{"line":25,"column":8},"end":{"line":25,"column":26}},"7":{"start":{"line":30,"column":8},"end":{"line":30,"column":24}},"8":{"start":{"line":35,"column":8},"end":{"line":35,"column":86}},"9":{"start":{"line":40,"column":8},"end":{"line":40,"column":78}},"10":{"start":{"line":45,"column":8},"end":{"line":45,"column":78}},"11":{"start":{"line":50,"column":8},"end":{"line":50,"column":74}},"12":{"start":{"line":55,"column":8},"end":{"line":55,"column":68}},"13":{"start":{"line":57,"column":8},"end":{"line":57,"column":51}},"14":{"start":{"line":62,"column":8},"end":{"line":62,"column":1601}},"15":{"start":{"line":73,"column":8},"end":{"line":73,"column":60}},"16":{"start":{"line":78,"column":8},"end":{"line":78,"column":78}},"17":{"start":{"line":83,"column":8},"end":{"line":83,"column":63}},"18":{"start":{"line":88,"column":8},"end":{"line":88,"column":62}},"19":{"start":{"line":90,"column":8},"end":{"line":90,"column":48}},"20":{"start":{"line":95,"column":8},"end":{"line":95,"column":55}},"21":{"start":{"line":100,"column":8},"end":{"line":100,"column":54}},"22":{"start":{"line":102,"column":8},"end":{"line":102,"column":58}},"23":{"start":{"line":107,"column":8},"end":{"line":107,"column":2889}},"24":{"start":{"line":114,"column":8},"end":{"line":114,"column":83}},"25":{"start":{"line":119,"column":8},"end":{"line":119,"column":54}},"26":{"start":{"line":120,"column":8},"end":{"line":120,"column":54}},"27":{"start":{"line":122,"column":8},"end":{"line":122,"column":48}},"28":{"start":{"line":127,"column":8},"end":{"line":127,"column":50}},"29":{"start":{"line":128,"column":8},"end":{"line":128,"column":50}},"30":{"start":{"line":130,"column":8},"end":{"line":130,"column":44}},"31":{"start":{"line":135,"column":8},"end":{"line":135,"column":54}},"32":{"start":{"line":136,"column":8},"end":{"line":136,"column":54}},"33":{"start":{"line":138,"column":8},"end":{"line":138,"column":64}},"34":{"start":{"line":143,"column":8},"end":{"line":143,"column":50}},"35":{"start":{"line":145,"column":8},"end":{"line":145,"column":59}},"36":{"start":{"line":150,"column":8},"end":{"line":150,"column":85}},"37":{"start":{"line":155,"column":8},"end":{"line":155,"column":88}},"38":{"start":{"line":160,"column":8},"end":{"line":160,"column":50}},"39":{"start":{"line":161,"column":8},"end":{"line":161,"column":50}},"40":{"start":{"line":163,"column":8},"end":{"line":163,"column":44}},"41":{"start":{"line":168,"column":8},"end":{"line":168,"column":46}},"42":{"start":{"line":169,"column":8},"end":{"line":169,"column":46}},"43":{"start":{"line":171,"column":8},"end":{"line":171,"column":40}}},"branchMap":{}}}